[debug] [2024-10-02T17:28:58.907Z] ----------------------------------------------------------------------
[debug] [2024-10-02T17:28:58.909Z] Command:       C:\Program Files\nodejs\node.exe C:\Users\palpu\AppData\Roaming\npm\node_modules\firebase-tools\lib\bin\firebase.js init
[debug] [2024-10-02T17:28:58.909Z] CLI Version:   13.20.1
[debug] [2024-10-02T17:28:58.909Z] Platform:      win32
[debug] [2024-10-02T17:28:58.910Z] Node Version:  v20.11.1
[debug] [2024-10-02T17:28:58.910Z] Time:          Wed Oct 02 2024 22:58:58 GMT+0530 (India Standard Time)
[debug] [2024-10-02T17:28:58.910Z] ----------------------------------------------------------------------
[debug] 
[debug] [2024-10-02T17:28:58.912Z] >>> [apiv2][query] GET https://firebase-public.firebaseio.com/cli.json [none]
[debug] [2024-10-02T17:28:58.948Z] > command requires scopes: ["email","openid","https://www.googleapis.com/auth/cloudplatformprojects.readonly","https://www.googleapis.com/auth/firebase","https://www.googleapis.com/auth/cloud-platform"]
[debug] [2024-10-02T17:28:58.949Z] > authorizing via signed-in user (oksaariwillsing@gmail.com)
[info] 
     ######## #### ########  ######## ########     ###     ######  ########
     ##        ##  ##     ## ##       ##     ##  ##   ##  ##       ##
     ######    ##  ########  ######   ########  #########  ######  ######
     ##        ##  ##    ##  ##       ##     ## ##     ##       ## ##
     ##       #### ##     ## ######## ########  ##     ##  ######  ########

You're about to initialize a Firebase project in this directory:

  D:\my-codes\expense-tracker

[debug] [2024-10-02T17:28:59.694Z] <<< [apiv2][status] GET https://firebase-public.firebaseio.com/cli.json 200
[debug] [2024-10-02T17:28:59.695Z] <<< [apiv2][body] GET https://firebase-public.firebaseio.com/cli.json {"cloudBuildErrorAfter":1594252800000,"cloudBuildWarnAfter":1590019200000,"defaultNode10After":1594252800000,"minVersion":"3.0.5","node8DeploysDisabledAfter":1613390400000,"node8RuntimeDisabledAfter":1615809600000,"node8WarnAfter":1600128000000}
[info] 
=== Project Setup
[info] 
[info] First, let's associate this project directory with a Firebase project.
[info] You can create multiple project aliases by running firebase use --add, 
[info] but for now we'll just set up a default project.
[info] 
[debug] [2024-10-02T17:29:54.010Z] Checked if tokens are valid: false, expires at: 1727542857352
[debug] [2024-10-02T17:29:54.010Z] Checked if tokens are valid: false, expires at: 1727542857352
[debug] [2024-10-02T17:29:54.011Z] > refreshing access token with scopes: []
[debug] [2024-10-02T17:29:54.012Z] >>> [apiv2][query] POST https://www.googleapis.com/oauth2/v3/token [none]
[debug] [2024-10-02T17:29:54.012Z] >>> [apiv2][body] POST https://www.googleapis.com/oauth2/v3/token [omitted]
[debug] [2024-10-02T17:29:54.300Z] <<< [apiv2][status] POST https://www.googleapis.com/oauth2/v3/token 200
[debug] [2024-10-02T17:29:54.300Z] <<< [apiv2][body] POST https://www.googleapis.com/oauth2/v3/token [omitted]
[debug] [2024-10-02T17:29:54.310Z] >>> [apiv2][query] GET https://firebase.googleapis.com/v1beta1/projects pageSize=100
[debug] [2024-10-02T17:29:55.125Z] <<< [apiv2][status] GET https://firebase.googleapis.com/v1beta1/projects 200
[debug] [2024-10-02T17:29:55.125Z] <<< [apiv2][body] GET https://firebase.googleapis.com/v1beta1/projects [omitted]
[info] i  Using project expense-tracker-1faab (expense-tracker) 
[info] 
=== Hosting Setup
[debug] [2024-10-02T17:30:25.507Z] Checked if tokens are valid: true, expires at: 1727893793300
[debug] [2024-10-02T17:30:25.508Z] Checked if tokens are valid: true, expires at: 1727893793300
[debug] [2024-10-02T17:30:25.508Z] >>> [apiv2][query] GET https://firebase.googleapis.com/v1beta1/projects/expense-tracker-1faab [none]
[debug] [2024-10-02T17:30:26.248Z] <<< [apiv2][status] GET https://firebase.googleapis.com/v1beta1/projects/expense-tracker-1faab 200
[debug] [2024-10-02T17:30:26.248Z] <<< [apiv2][body] GET https://firebase.googleapis.com/v1beta1/projects/expense-tracker-1faab {"projectId":"expense-tracker-1faab","projectNumber":"772270567015","displayName":"expense-tracker","name":"projects/expense-tracker-1faab","resources":{"hostingSite":"expense-tracker-1faab"},"state":"ACTIVE","etag":"1_f2148785-4a64-40d2-ab24-ccb6dc03a027"}
[info] 
[info] Your public directory is the folder (relative to your project directory) that
[info] will contain Hosting assets to be uploaded with firebase deploy. If you
[info] have a build process for your assets, use your build's output directory.
[info] 
[debug] [2024-10-02T17:30:53.604Z] >>> [apiv2][query] GET https://www.gstatic.com/firebasejs/releases.json [none]
[debug] [2024-10-02T17:30:53.805Z] <<< [apiv2][status] GET https://www.gstatic.com/firebasejs/releases.json 200
[debug] [2024-10-02T17:30:53.806Z] <<< [apiv2][body] GET https://www.gstatic.com/firebasejs/releases.json {"current":{"version":"10.14.0","browserURL":"https://www.gstatic.com/firebasejs/10.14.0/firebase.js","packageURL":"https://www.gstatic.com/firebasejs/10.14.0/firebase.tgz"},"live":{"version":"10.14","browserURL":"https://www.gstatic.com/firebasejs/live/10.14/firebase.js","packageURL":"https://www.gstatic.com/firebasejs/live/10.14/firebase.tgz"},"components":{"analytics":"https://www.gstatic.com/firebasejs/10.14.0/firebase-analytics.js","app":"https://www.gstatic.com/firebasejs/10.14.0/firebase-app.js","app-check":"https://www.gstatic.com/firebasejs/10.14.0/firebase-app-check.js","auth":"https://www.gstatic.com/firebasejs/10.14.0/firebase-auth.js","auth/cordova":"https://www.gstatic.com/firebasejs/10.14.0/firebase-auth/cordova.js","auth/web-extension":"https://www.gstatic.com/firebasejs/10.14.0/firebase-auth/web-extension.js","functions":"https://www.gstatic.com/firebasejs/10.14.0/firebase-functions.js","firestore":"https://www.gstatic.com/firebasejs/10.14.0/firebase-firestore.js","firestore/lite":"https://www.gstatic.com/firebasejs/10.14.0/firebase-firestore/lite.js","installations":"https://www.gstatic.com/firebasejs/10.14.0/firebase-installations.js","storage":"https://www.gstatic.com/firebasejs/10.14.0/firebase-storage.js","performance":"https://www.gstatic.com/firebasejs/10.14.0/firebase-performance.js","remote-config":"https://www.gstatic.com/firebasejs/10.14.0/firebase-remote-config.js","messaging":"https://www.gstatic.com/firebasejs/10.14.0/firebase-messaging.js","messaging/sw":"https://www.gstatic.com/firebasejs/10.14.0/firebase-messaging/sw.js","database":"https://www.gstatic.com/firebasejs/10.14.0/firebase-database.js","data-connect":"https://www.gstatic.com/firebasejs/10.14.0/firebase-data-connect.js","vertexai-preview":"https://www.gstatic.com/firebasejs/10.14.0/firebase-vertexai-preview.js","firestore.memory":"https://www.gstatic.com/firebasejs/10.14.0/firebase-firestore.memory.js"}}
[info] i  Skipping write of public/index.html 
[info] 
[info] i  Didn't detect a .git folder. Assuming D:\my-codes\expense-tracker is the project root. 
[info] i  Authorizing with GitHub to upload your service account to a GitHub repository's secrets store. 
[info] 
[info] Visit this URL on this device to log in:
[info] https://github.com/login/oauth/authorize?client_id=89cf50f02ac6aaed3484&state=285167854&redirect_uri=http%3A%2F%2Flocalhost%3A9005&scope=read%3Auser%20repo%20public_repo
[info] 
[info] Waiting for authentication...
[debug] [2024-10-02T17:31:24.316Z] >>> [apiv2][query] POST https://github.com/login/oauth/access_token [none]
[debug] [2024-10-02T17:31:24.316Z] >>> [apiv2][body] POST https://github.com/login/oauth/access_token [stream]
[debug] [2024-10-02T17:31:24.791Z] <<< [apiv2][status] POST https://github.com/login/oauth/access_token 200
[debug] [2024-10-02T17:31:24.791Z] <<< [apiv2][body] POST https://github.com/login/oauth/access_token {"access_token":"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","token_type":"bearer","scope":"read:user,repo"}
[debug] [2024-10-02T17:31:24.804Z] >>> [apiv2][query] GET https://api.github.com/user [none]
[debug] [2024-10-02T17:31:25.265Z] <<< [apiv2][status] GET https://api.github.com/user 200
[debug] [2024-10-02T17:31:25.265Z] <<< [apiv2][body] GET https://api.github.com/user {"login":"keenpaul29","id":97587474,"node_id":"U_kgDOBdEREg","avatar_url":"https://avatars.githubusercontent.com/u/97587474?v=4","gravatar_id":"","url":"https://api.github.com/users/keenpaul29","html_url":"https://github.com/keenpaul29","followers_url":"https://api.github.com/users/keenpaul29/followers","following_url":"https://api.github.com/users/keenpaul29/following{/other_user}","gists_url":"https://api.github.com/users/keenpaul29/gists{/gist_id}","starred_url":"https://api.github.com/users/keenpaul29/starred{/owner}{/repo}","subscriptions_url":"https://api.github.com/users/keenpaul29/subscriptions","organizations_url":"https://api.github.com/users/keenpaul29/orgs","repos_url":"https://api.github.com/users/keenpaul29/repos","events_url":"https://api.github.com/users/keenpaul29/events{/privacy}","received_events_url":"https://api.github.com/users/keenpaul29/received_events","type":"User","site_admin":false,"name":"Puspal ","company":null,"blog":"","location":"IN","email":null,"hireable":null,"bio":null,"twitter_username":"paul_puspal","notification_email":null,"public_repos":18,"public_gists":0,"followers":0,"following":4,"created_at":"2022-01-12T07:09:50Z","updated_at":"2024-09-28T16:54:48Z","private_gists":0,"total_private_repos":2,"owned_private_repos":2,"disk_usage":11321,"collaborators":0,"two_factor_authentication":false,"plan":{"name":"free","space":976562499,"collaborators":0,"private_repos":10000}}
[info] 
[info] +  Success! Logged into GitHub as keenpaul29 
[info] 
